<?xml version="1.0" encoding="UTF-8"?>
<testsuite name="crypt.impl.ElGamalSignerTest" tests="1" skipped="0" failures="0" errors="0" timestamp="2016-11-23T13:49:01" hostname="alexis-G551JW" time="0.059">
  <properties/>
  <testcase name="test" classname="crypt.impl.ElGamalSignerTest" time="0.059"/>
  <system-out><![CDATA[]]></system-out>
  <system-err><![CDATA[]]></system-err>
</testsuite>
