<?xml version="1.0" encoding="UTF-8"?>
<testsuite name="crypt.impl.SerpentEncrypterTest" tests="1" skipped="0" failures="0" errors="0" timestamp="2016-11-23T13:49:00" hostname="alexis-G551JW" time="0.004">
  <properties/>
  <testcase name="test" classname="crypt.impl.SerpentEncrypterTest" time="0.004"/>
  <system-out><![CDATA[]]></system-out>
  <system-err><![CDATA[]]></system-err>
</testsuite>
